<?xml version="1.0" ?>
<coverage version="5.5" timestamp="1234567890" lines-valid="5" lines-covered="3" line-rate="0.6" branches-covered="0" branches-valid="0" branch-rate="0" complexity="0">
    <sources>
        <source>.</source>
    </sources>
    <packages>
        <package name="mypackage" line-rate="0.6" branch-rate="0" complexity="0">
            <classes>
                <class name="main.py" filename="main.py" line-rate="0.6" branch-rate="0" complexity="0">
                    <lines>
                        <line number="1" hits="1"/>
                        <line number="2" hits="1"/>
                        <line number="3" hits="1"/>
                        <line number="4" hits="0"/>
                        <line number="5" hits="0"/>
                    </lines>
                </class>
            </classes>
        </package>
    </packages>
</coverage>
